tid=0x7fff74a6a000:line=<161>, func=void Actor::dispatch(F&&) [with F = Dispatch<N>::apply(E&&) [with E = Env<1ul>&; long unsigned int N = 25ul]::__lambda4], 0x7fd6b2d00000, sizeof(f)=25, (4*sizeof(void*))=32
tid=0x7fff74a6a000:line=<162>, func=void Actor::dispatch(F&&) [with F = Dispatch<N>::apply(E&&) [with E = Env<1ul>&; long unsigned int N = 25ul]::__lambda4], std::is_nothrow_copy_constructible<void Dispatch<25ul>::apply<Env<1ul>&>(Env<1ul>&&&)::'lambda'()>::value=true
tid=0x7fff74a6a000:line=<163>, func=void Actor::dispatch(F&&) [with F = Dispatch<N>::apply(E&&) [with E = Env<1ul>&; long unsigned int N = 25ul]::__lambda4], std::is_nothrow_copy_constructible<std::allocator_traits<Actor::Custom<smunix::function<void (), 8ul> > >>::value=true
tid=0x7fff74a6a000:line=<170>, func=void Actor::dispatch(F&&) [with F = Dispatch<N>::apply(E&&) [with E = Env<1ul>&; long unsigned int N = 25ul]::__lambda4], sizeof(smunix::details::function::func<void Dispatch<25ul>::apply<Env<1ul>&>(Env<1ul>&&&)::'lambda'(), Actor::Custom<smunix::function<void (), 8ul> >, void ()>)=40, sizeof(func.__buf_)=64, typeof(func.__buf_)=std::aligned_storage<64ul, 16ul>::type
tid=0x7fff74a6a000:line=<161>, func=void Actor::dispatch(F&&) [with F = Dispatch<N>::apply(E&&) [with E = Env<1ul>&; long unsigned int N = 24ul]::__lambda4], 0x7fd6b2d00000, sizeof(f)=24, (4*sizeof(void*))=32
tid=0x7fff74a6a000:line=<162>, func=void Actor::dispatch(F&&) [with F = Dispatch<N>::apply(E&&) [with E = Env<1ul>&; long unsigned int N = 24ul]::__lambda4], std::is_nothrow_copy_constructible<void Dispatch<24ul>::apply<Env<1ul>&>(Env<1ul>&&&)::'lambda'()>::value=true
tid=0x700000081000:line=<207>, func=Dispatch<N>::apply(E&&) [with E = Env<1ul>&; long unsigned int N = 25ul]::__lambda4, 25
tid=0x7fff74a6a000:line=<163>, func=void Actor::dispatch(F&&) [with F = Dispatch<N>::apply(E&&) [with E = Env<1ul>&; long unsigned int N = 24ul]::__lambda4], std::is_nothrow_copy_constructible<std::allocator_traits<Actor::Custom<smunix::function<void (), 8ul> > >>::value=true
tid=0x7fff74a6a000:line=<170>, func=void Actor::dispatch(F&&) [with F = Dispatch<N>::apply(E&&) [with E = Env<1ul>&; long unsigned int N = 24ul]::__lambda4], sizeof(smunix::details::function::func<void Dispatch<24ul>::apply<Env<1ul>&>(Env<1ul>&&&)::'lambda'(), Actor::Custom<smunix::function<void (), 8ul> >, void ()>)=32, sizeof(func.__buf_)=64, typeof(func.__buf_)=std::aligned_storage<64ul, 16ul>::type
tid=0x7fff74a6a000:line=<161>, func=void Actor::dispatch(F&&) [with F = Dispatch<N>::apply(E&&) [with E = Env<1ul>&; long unsigned int N = 23ul]::__lambda4], 0x7fd6b2d00000, sizeof(f)=23, (4*sizeof(void*))=32
tid=0x7fff74a6a000:line=<162>, func=void Actor::dispatch(F&&) [with F = Dispatch<N>::apply(E&&) [with E = Env<1ul>&; long unsigned int N = 23ul]::__lambda4], std::is_nothrow_copy_constructible<void Dispatch<23ul>::apply<Env<1ul>&>(Env<1ul>&&&)::'lambda'()>::value=true
tid=0x700000081000:line=<207>, func=Dispatch<N>::apply(E&&) [with E = Env<1ul>&; long unsigned int N = 24ul]::__lambda4, 24
tid=0x7fff74a6a000:line=<163>, func=void Actor::dispatch(F&&) [with F = Dispatch<N>::apply(E&&) [with E = Env<1ul>&; long unsigned int N = 23ul]::__lambda4], std::is_nothrow_copy_constructible<std::allocator_traits<Actor::Custom<smunix::function<void (), 8ul> > >>::value=true
tid=0x7fff74a6a000:line=<170>, func=void Actor::dispatch(F&&) [with F = Dispatch<N>::apply(E&&) [with E = Env<1ul>&; long unsigned int N = 23ul]::__lambda4], sizeof(smunix::details::function::func<void Dispatch<23ul>::apply<Env<1ul>&>(Env<1ul>&&&)::'lambda'(), Actor::Custom<smunix::function<void (), 8ul> >, void ()>)=32, sizeof(func.__buf_)=64, typeof(func.__buf_)=std::aligned_storage<64ul, 16ul>::type
tid=0x7fff74a6a000:line=<161>, func=void Actor::dispatch(F&&) [with F = Dispatch<N>::apply(E&&) [with E = Env<1ul>&; long unsigned int N = 22ul]::__lambda4], 0x7fd6b2d00000, sizeof(f)=22, (4*sizeof(void*))=32
tid=0x7fff74a6a000:line=<162>, func=void Actor::dispatch(F&&) [with F = Dispatch<N>::apply(E&&) [with E = Env<1ul>&; long unsigned int N = 22ul]::__lambda4], std::is_nothrow_copy_constructible<void Dispatch<22ul>::apply<Env<1ul>&>(Env<1ul>&&&)::'lambda'()>::value=true
tid=0x700000081000:line=<207>, func=Dispatch<N>::apply(E&&) [with E = Env<1ul>&; long unsigned int N = 23ul]::__lambda4, 23
tid=0x7fff74a6a000:line=<163>, func=void Actor::dispatch(F&&) [with F = Dispatch<N>::apply(E&&) [with E = Env<1ul>&; long unsigned int N = 22ul]::__lambda4], std::is_nothrow_copy_constructible<std::allocator_traits<Actor::Custom<smunix::function<void (), 8ul> > >>::value=true
tid=0x7fff74a6a000:line=<170>, func=void Actor::dispatch(F&&) [with F = Dispatch<N>::apply(E&&) [with E = Env<1ul>&; long unsigned int N = 22ul]::__lambda4], sizeof(smunix::details::function::func<void Dispatch<22ul>::apply<Env<1ul>&>(Env<1ul>&&&)::'lambda'(), Actor::Custom<smunix::function<void (), 8ul> >, void ()>)=32, sizeof(func.__buf_)=64, typeof(func.__buf_)=std::aligned_storage<64ul, 16ul>::type
tid=0x7fff74a6a000:line=<161>, func=void Actor::dispatch(F&&) [with F = Dispatch<N>::apply(E&&) [with E = Env<1ul>&; long unsigned int N = 21ul]::__lambda4], 0x7fd6b2d00000, sizeof(f)=21, (4*sizeof(void*))=32
tid=0x7fff74a6a000:line=<162>, func=void Actor::dispatch(F&&) [with F = Dispatch<N>::apply(E&&) [with E = Env<1ul>&; long unsigned int N = 21ul]::__lambda4], std::is_nothrow_copy_constructible<void Dispatch<21ul>::apply<Env<1ul>&>(Env<1ul>&&&)::'lambda'()>::value=true
tid=0x700000081000:line=<207>, func=Dispatch<N>::apply(E&&) [with E = Env<1ul>&; long unsigned int N = 22ul]::__lambda4, 22
tid=0x7fff74a6a000:line=<163>, func=void Actor::dispatch(F&&) [with F = Dispatch<N>::apply(E&&) [with E = Env<1ul>&; long unsigned int N = 21ul]::__lambda4], std::is_nothrow_copy_constructible<std::allocator_traits<Actor::Custom<smunix::function<void (), 8ul> > >>::value=true
tid=0x7fff74a6a000:line=<170>, func=void Actor::dispatch(F&&) [with F = Dispatch<N>::apply(E&&) [with E = Env<1ul>&; long unsigned int N = 21ul]::__lambda4], sizeof(smunix::details::function::func<void Dispatch<21ul>::apply<Env<1ul>&>(Env<1ul>&&&)::'lambda'(), Actor::Custom<smunix::function<void (), 8ul> >, void ()>)=32, sizeof(func.__buf_)=64, typeof(func.__buf_)=std::aligned_storage<64ul, 16ul>::type
tid=0x7fff74a6a000:line=<161>, func=void Actor::dispatch(F&&) [with F = Dispatch<N>::apply(E&&) [with E = Env<1ul>&; long unsigned int N = 20ul]::__lambda4], 0x7fd6b2d00000, sizeof(f)=20, (4*sizeof(void*))=32
tid=0x7fff74a6a000:line=<162>, func=void Actor::dispatch(F&&) [with F = Dispatch<N>::apply(E&&) [with E = Env<1ul>&; long unsigned int N = 20ul]::__lambda4], std::is_nothrow_copy_constructible<void Dispatch<20ul>::apply<Env<1ul>&>(Env<1ul>&&&)::'lambda'()>::value=true
tid=0x700000081000:line=<207>, func=Dispatch<N>::apply(E&&) [with E = Env<1ul>&; long unsigned int N = 21ul]::__lambda4, 21
tid=0x7fff74a6a000:line=<163>, func=void Actor::dispatch(F&&) [with F = Dispatch<N>::apply(E&&) [with E = Env<1ul>&; long unsigned int N = 20ul]::__lambda4], std::is_nothrow_copy_constructible<std::allocator_traits<Actor::Custom<smunix::function<void (), 8ul> > >>::value=true
tid=0x7fff74a6a000:line=<170>, func=void Actor::dispatch(F&&) [with F = Dispatch<N>::apply(E&&) [with E = Env<1ul>&; long unsigned int N = 20ul]::__lambda4], sizeof(smunix::details::function::func<void Dispatch<20ul>::apply<Env<1ul>&>(Env<1ul>&&&)::'lambda'(), Actor::Custom<smunix::function<void (), 8ul> >, void ()>)=32, sizeof(func.__buf_)=64, typeof(func.__buf_)=std::aligned_storage<64ul, 16ul>::type
tid=0x7fff74a6a000:line=<161>, func=void Actor::dispatch(F&&) [with F = Dispatch<N>::apply(E&&) [with E = Env<1ul>&; long unsigned int N = 19ul]::__lambda4], 0x7fd6b2d00000, sizeof(f)=19, (4*sizeof(void*))=32
tid=0x7fff74a6a000:line=<162>, func=void Actor::dispatch(F&&) [with F = Dispatch<N>::apply(E&&) [with E = Env<1ul>&; long unsigned int N = 19ul]::__lambda4], std::is_nothrow_copy_constructible<void Dispatch<19ul>::apply<Env<1ul>&>(Env<1ul>&&&)::'lambda'()>::value=true
tid=0x700000081000:line=<207>, func=Dispatch<N>::apply(E&&) [with E = Env<1ul>&; long unsigned int N = 20ul]::__lambda4, 20
tid=0x7fff74a6a000:line=<163>, func=void Actor::dispatch(F&&) [with F = Dispatch<N>::apply(E&&) [with E = Env<1ul>&; long unsigned int N = 19ul]::__lambda4], std::is_nothrow_copy_constructible<std::allocator_traits<Actor::Custom<smunix::function<void (), 8ul> > >>::value=true
tid=0x7fff74a6a000:line=<170>, func=void Actor::dispatch(F&&) [with F = Dispatch<N>::apply(E&&) [with E = Env<1ul>&; long unsigned int N = 19ul]::__lambda4], sizeof(smunix::details::function::func<void Dispatch<19ul>::apply<Env<1ul>&>(Env<1ul>&&&)::'lambda'(), Actor::Custom<smunix::function<void (), 8ul> >, void ()>)=32, sizeof(func.__buf_)=64, typeof(func.__buf_)=std::aligned_storage<64ul, 16ul>::type
tid=0x7fff74a6a000:line=<161>, func=void Actor::dispatch(F&&) [with F = Dispatch<N>::apply(E&&) [with E = Env<1ul>&; long unsigned int N = 18ul]::__lambda4], 0x7fd6b2d00000, sizeof(f)=18, (4*sizeof(void*))=32
tid=0x7fff74a6a000:line=<162>, func=void Actor::dispatch(F&&) [with F = Dispatch<N>::apply(E&&) [with E = Env<1ul>&; long unsigned int N = 18ul]::__lambda4], std::is_nothrow_copy_constructible<void Dispatch<18ul>::apply<Env<1ul>&>(Env<1ul>&&&)::'lambda'()>::value=true
tid=0x700000081000:line=<207>, func=Dispatch<N>::apply(E&&) [with E = Env<1ul>&; long unsigned int N = 19ul]::__lambda4, 19
tid=0x7fff74a6a000:line=<163>, func=void Actor::dispatch(F&&) [with F = Dispatch<N>::apply(E&&) [with E = Env<1ul>&; long unsigned int N = 18ul]::__lambda4], std::is_nothrow_copy_constructible<std::allocator_traits<Actor::Custom<smunix::function<void (), 8ul> > >>::value=true
tid=0x7fff74a6a000:line=<170>, func=void Actor::dispatch(F&&) [with F = Dispatch<N>::apply(E&&) [with E = Env<1ul>&; long unsigned int N = 18ul]::__lambda4], sizeof(smunix::details::function::func<void Dispatch<18ul>::apply<Env<1ul>&>(Env<1ul>&&&)::'lambda'(), Actor::Custom<smunix::function<void (), 8ul> >, void ()>)=32, sizeof(func.__buf_)=64, typeof(func.__buf_)=std::aligned_storage<64ul, 16ul>::type
tid=0x7fff74a6a000:line=<161>, func=void Actor::dispatch(F&&) [with F = Dispatch<N>::apply(E&&) [with E = Env<1ul>&; long unsigned int N = 17ul]::__lambda4], 0x7fd6b2d00000, sizeof(f)=17, (4*sizeof(void*))=32
tid=0x7fff74a6a000:line=<162>, func=void Actor::dispatch(F&&) [with F = Dispatch<N>::apply(E&&) [with E = Env<1ul>&; long unsigned int N = 17ul]::__lambda4], std::is_nothrow_copy_constructible<void Dispatch<17ul>::apply<Env<1ul>&>(Env<1ul>&&&)::'lambda'()>::value=true
tid=0x700000081000:line=<207>, func=Dispatch<N>::apply(E&&) [with E = Env<1ul>&; long unsigned int N = 18ul]::__lambda4, 18
tid=0x7fff74a6a000:line=<163>, func=void Actor::dispatch(F&&) [with F = Dispatch<N>::apply(E&&) [with E = Env<1ul>&; long unsigned int N = 17ul]::__lambda4], std::is_nothrow_copy_constructible<std::allocator_traits<Actor::Custom<smunix::function<void (), 8ul> > >>::value=true
tid=0x7fff74a6a000:line=<170>, func=void Actor::dispatch(F&&) [with F = Dispatch<N>::apply(E&&) [with E = Env<1ul>&; long unsigned int N = 17ul]::__lambda4], sizeof(smunix::details::function::func<void Dispatch<17ul>::apply<Env<1ul>&>(Env<1ul>&&&)::'lambda'(), Actor::Custom<smunix::function<void (), 8ul> >, void ()>)=32, sizeof(func.__buf_)=64, typeof(func.__buf_)=std::aligned_storage<64ul, 16ul>::type
tid=0x7fff74a6a000:line=<161>, func=void Actor::dispatch(F&&) [with F = Dispatch<N>::apply(E&&) [with E = Env<1ul>&; long unsigned int N = 16ul]::__lambda4], 0x7fd6b2d00000, sizeof(f)=16, (4*sizeof(void*))=32
tid=0x7fff74a6a000:line=<162>, func=void Actor::dispatch(F&&) [with F = Dispatch<N>::apply(E&&) [with E = Env<1ul>&; long unsigned int N = 16ul]::__lambda4], std::is_nothrow_copy_constructible<void Dispatch<16ul>::apply<Env<1ul>&>(Env<1ul>&&&)::'lambda'()>::value=true
tid=0x700000081000:line=<207>, func=Dispatch<N>::apply(E&&) [with E = Env<1ul>&; long unsigned int N = 17ul]::__lambda4, 17
tid=0x7fff74a6a000:line=<163>, func=void Actor::dispatch(F&&) [with F = Dispatch<N>::apply(E&&) [with E = Env<1ul>&; long unsigned int N = 16ul]::__lambda4], std::is_nothrow_copy_constructible<std::allocator_traits<Actor::Custom<smunix::function<void (), 8ul> > >>::value=true
tid=0x7fff74a6a000:line=<170>, func=void Actor::dispatch(F&&) [with F = Dispatch<N>::apply(E&&) [with E = Env<1ul>&; long unsigned int N = 16ul]::__lambda4], sizeof(smunix::details::function::func<void Dispatch<16ul>::apply<Env<1ul>&>(Env<1ul>&&&)::'lambda'(), Actor::Custom<smunix::function<void (), 8ul> >, void ()>)=24, sizeof(func.__buf_)=64, typeof(func.__buf_)=std::aligned_storage<64ul, 16ul>::type
tid=0x7fff74a6a000:line=<161>, func=void Actor::dispatch(F&&) [with F = Dispatch<N>::apply(E&&) [with E = Env<1ul>&; long unsigned int N = 15ul]::__lambda4], 0x7fd6b2d00000, sizeof(f)=15, (4*sizeof(void*))=32
tid=0x7fff74a6a000:line=<162>, func=void Actor::dispatch(F&&) [with F = Dispatch<N>::apply(E&&) [with E = Env<1ul>&; long unsigned int N = 15ul]::__lambda4], std::is_nothrow_copy_constructible<void Dispatch<15ul>::apply<Env<1ul>&>(Env<1ul>&&&)::'lambda'()>::value=true
tid=0x700000081000:line=<207>, func=Dispatch<N>::apply(E&&) [with E = Env<1ul>&; long unsigned int N = 16ul]::__lambda4, 16
tid=0x7fff74a6a000:line=<163>, func=void Actor::dispatch(F&&) [with F = Dispatch<N>::apply(E&&) [with E = Env<1ul>&; long unsigned int N = 15ul]::__lambda4], std::is_nothrow_copy_constructible<std::allocator_traits<Actor::Custom<smunix::function<void (), 8ul> > >>::value=true
tid=0x7fff74a6a000:line=<170>, func=void Actor::dispatch(F&&) [with F = Dispatch<N>::apply(E&&) [with E = Env<1ul>&; long unsigned int N = 15ul]::__lambda4], sizeof(smunix::details::function::func<void Dispatch<15ul>::apply<Env<1ul>&>(Env<1ul>&&&)::'lambda'(), Actor::Custom<smunix::function<void (), 8ul> >, void ()>)=24, sizeof(func.__buf_)=64, typeof(func.__buf_)=std::aligned_storage<64ul, 16ul>::type
tid=0x7fff74a6a000:line=<161>, func=void Actor::dispatch(F&&) [with F = Dispatch<N>::apply(E&&) [with E = Env<1ul>&; long unsigned int N = 14ul]::__lambda4], 0x7fd6b2d00000, sizeof(f)=14, (4*sizeof(void*))=32
tid=0x7fff74a6a000:line=<162>, func=void Actor::dispatch(F&&) [with F = Dispatch<N>::apply(E&&) [with E = Env<1ul>&; long unsigned int N = 14ul]::__lambda4], std::is_nothrow_copy_constructible<void Dispatch<14ul>::apply<Env<1ul>&>(Env<1ul>&&&)::'lambda'()>::value=true
tid=0x700000081000:line=<207>, func=Dispatch<N>::apply(E&&) [with E = Env<1ul>&; long unsigned int N = 15ul]::__lambda4, 15
tid=0x7fff74a6a000:line=<163>, func=void Actor::dispatch(F&&) [with F = Dispatch<N>::apply(E&&) [with E = Env<1ul>&; long unsigned int N = 14ul]::__lambda4], std::is_nothrow_copy_constructible<std::allocator_traits<Actor::Custom<smunix::function<void (), 8ul> > >>::value=true
tid=0x7fff74a6a000:line=<170>, func=void Actor::dispatch(F&&) [with F = Dispatch<N>::apply(E&&) [with E = Env<1ul>&; long unsigned int N = 14ul]::__lambda4], sizeof(smunix::details::function::func<void Dispatch<14ul>::apply<Env<1ul>&>(Env<1ul>&&&)::'lambda'(), Actor::Custom<smunix::function<void (), 8ul> >, void ()>)=24, sizeof(func.__buf_)=64, typeof(func.__buf_)=std::aligned_storage<64ul, 16ul>::type
tid=0x7fff74a6a000:line=<161>, func=void Actor::dispatch(F&&) [with F = Dispatch<N>::apply(E&&) [with E = Env<1ul>&; long unsigned int N = 13ul]::__lambda4], 0x7fd6b2d00000, sizeof(f)=13, (4*sizeof(void*))=32
tid=0x7fff74a6a000:line=<162>, func=void Actor::dispatch(F&&) [with F = Dispatch<N>::apply(E&&) [with E = Env<1ul>&; long unsigned int N = 13ul]::__lambda4], std::is_nothrow_copy_constructible<void Dispatch<13ul>::apply<Env<1ul>&>(Env<1ul>&&&)::'lambda'()>::value=true
tid=0x700000081000:line=<207>, func=Dispatch<N>::apply(E&&) [with E = Env<1ul>&; long unsigned int N = 14ul]::__lambda4, 14
tid=0x7fff74a6a000:line=<163>, func=void Actor::dispatch(F&&) [with F = Dispatch<N>::apply(E&&) [with E = Env<1ul>&; long unsigned int N = 13ul]::__lambda4], std::is_nothrow_copy_constructible<std::allocator_traits<Actor::Custom<smunix::function<void (), 8ul> > >>::value=true
tid=0x7fff74a6a000:line=<170>, func=void Actor::dispatch(F&&) [with F = Dispatch<N>::apply(E&&) [with E = Env<1ul>&; long unsigned int N = 13ul]::__lambda4], sizeof(smunix::details::function::func<void Dispatch<13ul>::apply<Env<1ul>&>(Env<1ul>&&&)::'lambda'(), Actor::Custom<smunix::function<void (), 8ul> >, void ()>)=24, sizeof(func.__buf_)=64, typeof(func.__buf_)=std::aligned_storage<64ul, 16ul>::type
tid=0x7fff74a6a000:line=<161>, func=void Actor::dispatch(F&&) [with F = Dispatch<N>::apply(E&&) [with E = Env<1ul>&; long unsigned int N = 12ul]::__lambda4], 0x7fd6b2d00000, sizeof(f)=12, (4*sizeof(void*))=32
tid=0x7fff74a6a000:line=<162>, func=void Actor::dispatch(F&&) [with F = Dispatch<N>::apply(E&&) [with E = Env<1ul>&; long unsigned int N = 12ul]::__lambda4], std::is_nothrow_copy_constructible<void Dispatch<12ul>::apply<Env<1ul>&>(Env<1ul>&&&)::'lambda'()>::value=true
tid=0x700000081000:line=<207>, func=Dispatch<N>::apply(E&&) [with E = Env<1ul>&; long unsigned int N = 13ul]::__lambda4, 13
tid=0x7fff74a6a000:line=<163>, func=void Actor::dispatch(F&&) [with F = Dispatch<N>::apply(E&&) [with E = Env<1ul>&; long unsigned int N = 12ul]::__lambda4], std::is_nothrow_copy_constructible<std::allocator_traits<Actor::Custom<smunix::function<void (), 8ul> > >>::value=true
tid=0x7fff74a6a000:line=<170>, func=void Actor::dispatch(F&&) [with F = Dispatch<N>::apply(E&&) [with E = Env<1ul>&; long unsigned int N = 12ul]::__lambda4], sizeof(smunix::details::function::func<void Dispatch<12ul>::apply<Env<1ul>&>(Env<1ul>&&&)::'lambda'(), Actor::Custom<smunix::function<void (), 8ul> >, void ()>)=24, sizeof(func.__buf_)=64, typeof(func.__buf_)=std::aligned_storage<64ul, 16ul>::type
tid=0x7fff74a6a000:line=<161>, func=void Actor::dispatch(F&&) [with F = Dispatch<N>::apply(E&&) [with E = Env<1ul>&; long unsigned int N = 11ul]::__lambda4], 0x7fd6b2d00000, sizeof(f)=11, (4*sizeof(void*))=32
tid=0x7fff74a6a000:line=<162>, func=void Actor::dispatch(F&&) [with F = Dispatch<N>::apply(E&&) [with E = Env<1ul>&; long unsigned int N = 11ul]::__lambda4], std::is_nothrow_copy_constructible<void Dispatch<11ul>::apply<Env<1ul>&>(Env<1ul>&&&)::'lambda'()>::value=true
tid=0x700000081000:line=<207>, func=Dispatch<N>::apply(E&&) [with E = Env<1ul>&; long unsigned int N = 12ul]::__lambda4, 12
tid=0x7fff74a6a000:line=<163>, func=void Actor::dispatch(F&&) [with F = Dispatch<N>::apply(E&&) [with E = Env<1ul>&; long unsigned int N = 11ul]::__lambda4], std::is_nothrow_copy_constructible<std::allocator_traits<Actor::Custom<smunix::function<void (), 8ul> > >>::value=true
tid=0x7fff74a6a000:line=<170>, func=void Actor::dispatch(F&&) [with F = Dispatch<N>::apply(E&&) [with E = Env<1ul>&; long unsigned int N = 11ul]::__lambda4], sizeof(smunix::details::function::func<void Dispatch<11ul>::apply<Env<1ul>&>(Env<1ul>&&&)::'lambda'(), Actor::Custom<smunix::function<void (), 8ul> >, void ()>)=24, sizeof(func.__buf_)=64, typeof(func.__buf_)=std::aligned_storage<64ul, 16ul>::type
tid=0x7fff74a6a000:line=<161>, func=void Actor::dispatch(F&&) [with F = Dispatch<N>::apply(E&&) [with E = Env<1ul>&; long unsigned int N = 10ul]::__lambda4], 0x7fd6b2d00000, sizeof(f)=10, (4*sizeof(void*))=32
tid=0x7fff74a6a000:line=<162>, func=void Actor::dispatch(F&&) [with F = Dispatch<N>::apply(E&&) [with E = Env<1ul>&; long unsigned int N = 10ul]::__lambda4], std::is_nothrow_copy_constructible<void Dispatch<10ul>::apply<Env<1ul>&>(Env<1ul>&&&)::'lambda'()>::value=true
tid=0x700000081000:line=<207>, func=Dispatch<N>::apply(E&&) [with E = Env<1ul>&; long unsigned int N = 11ul]::__lambda4, 11
tid=0x7fff74a6a000:line=<163>, func=void Actor::dispatch(F&&) [with F = Dispatch<N>::apply(E&&) [with E = Env<1ul>&; long unsigned int N = 10ul]::__lambda4], std::is_nothrow_copy_constructible<std::allocator_traits<Actor::Custom<smunix::function<void (), 8ul> > >>::value=true
tid=0x7fff74a6a000:line=<170>, func=void Actor::dispatch(F&&) [with F = Dispatch<N>::apply(E&&) [with E = Env<1ul>&; long unsigned int N = 10ul]::__lambda4], sizeof(smunix::details::function::func<void Dispatch<10ul>::apply<Env<1ul>&>(Env<1ul>&&&)::'lambda'(), Actor::Custom<smunix::function<void (), 8ul> >, void ()>)=24, sizeof(func.__buf_)=64, typeof(func.__buf_)=std::aligned_storage<64ul, 16ul>::type
tid=0x7fff74a6a000:line=<161>, func=void Actor::dispatch(F&&) [with F = Dispatch<N>::apply(E&&) [with E = Env<1ul>&; long unsigned int N = 9ul]::__lambda4], 0x7fd6b2d00000, sizeof(f)=9, (4*sizeof(void*))=32
tid=0x700000081000:line=<207>, func=Dispatch<N>::apply(E&&) [with E = Env<1ul>&; long unsigned int N = 10ul]::__lambda4, 10
tid=0x7fff74a6a000:line=<162>, func=void Actor::dispatch(F&&) [with F = Dispatch<N>::apply(E&&) [with E = Env<1ul>&; long unsigned int N = 9ul]::__lambda4], std::is_nothrow_copy_constructible<void Dispatch<9ul>::apply<Env<1ul>&>(Env<1ul>&&&)::'lambda'()>::value=true
tid=0x7fff74a6a000:line=<163>, func=void Actor::dispatch(F&&) [with F = Dispatch<N>::apply(E&&) [with E = Env<1ul>&; long unsigned int N = 9ul]::__lambda4], std::is_nothrow_copy_constructible<std::allocator_traits<Actor::Custom<smunix::function<void (), 8ul> > >>::value=true
tid=0x7fff74a6a000:line=<170>, func=void Actor::dispatch(F&&) [with F = Dispatch<N>::apply(E&&) [with E = Env<1ul>&; long unsigned int N = 9ul]::__lambda4], sizeof(smunix::details::function::func<void Dispatch<9ul>::apply<Env<1ul>&>(Env<1ul>&&&)::'lambda'(), Actor::Custom<smunix::function<void (), 8ul> >, void ()>)=24, sizeof(func.__buf_)=64, typeof(func.__buf_)=std::aligned_storage<64ul, 16ul>::type
tid=0x7fff74a6a000:line=<161>, func=void Actor::dispatch(F&&) [with F = Dispatch<N>::apply(E&&) [with E = Env<1ul>&; long unsigned int N = 8ul]::__lambda4], 0x7fd6b2d00000, sizeof(f)=8, (4*sizeof(void*))=32
tid=0x7fff74a6a000:line=<162>, func=void Actor::dispatch(F&&) [with F = Dispatch<N>::apply(E&&) [with E = Env<1ul>&; long unsigned int N = 8ul]::__lambda4], std::is_nothrow_copy_constructible<void Dispatch<8ul>::apply<Env<1ul>&>(Env<1ul>&&&)::'lambda'()>::value=true
tid=0x7fff74a6a000:line=<163>, func=void Actor::dispatch(F&&) [with F = Dispatch<N>::apply(E&&) [with E = Env<1ul>&; long unsigned int N = 8ul]::__lambda4], std::is_nothrow_copy_constructible<std::allocator_traits<Actor::Custom<smunix::function<void (), 8ul> > >>::value=true
tid=0x700000081000:line=<207>, func=Dispatch<N>::apply(E&&) [with E = Env<1ul>&; long unsigned int N = 9ul]::__lambda4, 9
tid=0x7fff74a6a000:line=<170>, func=void Actor::dispatch(F&&) [with F = Dispatch<N>::apply(E&&) [with E = Env<1ul>&; long unsigned int N = 8ul]::__lambda4], sizeof(smunix::details::function::func<void Dispatch<8ul>::apply<Env<1ul>&>(Env<1ul>&&&)::'lambda'(), Actor::Custom<smunix::function<void (), 8ul> >, void ()>)=16, sizeof(func.__buf_)=64, typeof(func.__buf_)=std::aligned_storage<64ul, 16ul>::type
tid=0x7fff74a6a000:line=<161>, func=void Actor::dispatch(F&&) [with F = Dispatch<N>::apply(E&&) [with E = Env<1ul>&; long unsigned int N = 7ul]::__lambda4], 0x7fd6b2d00000, sizeof(f)=7, (4*sizeof(void*))=32
tid=0x7fff74a6a000:line=<162>, func=void Actor::dispatch(F&&) [with F = Dispatch<N>::apply(E&&) [with E = Env<1ul>&; long unsigned int N = 7ul]::__lambda4], std::is_nothrow_copy_constructible<void Dispatch<7ul>::apply<Env<1ul>&>(Env<1ul>&&&)::'lambda'()>::value=true
tid=0x7fff74a6a000:line=<163>, func=void Actor::dispatch(F&&) [with F = Dispatch<N>::apply(E&&) [with E = Env<1ul>&; long unsigned int N = 7ul]::__lambda4], std::is_nothrow_copy_constructible<std::allocator_traits<Actor::Custom<smunix::function<void (), 8ul> > >>::value=true
tid=0x700000081000:line=<207>, func=Dispatch<N>::apply(E&&) [with E = Env<1ul>&; long unsigned int N = 8ul]::__lambda4, 8
tid=0x7fff74a6a000:line=<170>, func=void Actor::dispatch(F&&) [with F = Dispatch<N>::apply(E&&) [with E = Env<1ul>&; long unsigned int N = 7ul]::__lambda4], sizeof(smunix::details::function::func<void Dispatch<7ul>::apply<Env<1ul>&>(Env<1ul>&&&)::'lambda'(), Actor::Custom<smunix::function<void (), 8ul> >, void ()>)=16, sizeof(func.__buf_)=64, typeof(func.__buf_)=std::aligned_storage<64ul, 16ul>::type
tid=0x7fff74a6a000:line=<161>, func=void Actor::dispatch(F&&) [with F = Dispatch<N>::apply(E&&) [with E = Env<1ul>&; long unsigned int N = 6ul]::__lambda4], 0x7fd6b2d00000, sizeof(f)=6, (4*sizeof(void*))=32
tid=0x7fff74a6a000:line=<162>, func=void Actor::dispatch(F&&) [with F = Dispatch<N>::apply(E&&) [with E = Env<1ul>&; long unsigned int N = 6ul]::__lambda4], std::is_nothrow_copy_constructible<void Dispatch<6ul>::apply<Env<1ul>&>(Env<1ul>&&&)::'lambda'()>::value=true
tid=0x700000081000:line=<207>, func=Dispatch<N>::apply(E&&) [with E = Env<1ul>&; long unsigned int N = 7ul]::__lambda4, 7
tid=0x7fff74a6a000:line=<163>, func=void Actor::dispatch(F&&) [with F = Dispatch<N>::apply(E&&) [with E = Env<1ul>&; long unsigned int N = 6ul]::__lambda4], std::is_nothrow_copy_constructible<std::allocator_traits<Actor::Custom<smunix::function<void (), 8ul> > >>::value=true
tid=0x7fff74a6a000:line=<170>, func=void Actor::dispatch(F&&) [with F = Dispatch<N>::apply(E&&) [with E = Env<1ul>&; long unsigned int N = 6ul]::__lambda4], sizeof(smunix::details::function::func<void Dispatch<6ul>::apply<Env<1ul>&>(Env<1ul>&&&)::'lambda'(), Actor::Custom<smunix::function<void (), 8ul> >, void ()>)=16, sizeof(func.__buf_)=64, typeof(func.__buf_)=std::aligned_storage<64ul, 16ul>::type
tid=0x7fff74a6a000:line=<161>, func=void Actor::dispatch(F&&) [with F = Dispatch<N>::apply(E&&) [with E = Env<1ul>&; long unsigned int N = 5ul]::__lambda4], 0x7fd6b2d00000, sizeof(f)=5, (4*sizeof(void*))=32
tid=0x7fff74a6a000:line=<162>, func=void Actor::dispatch(F&&) [with F = Dispatch<N>::apply(E&&) [with E = Env<1ul>&; long unsigned int N = 5ul]::__lambda4], std::is_nothrow_copy_constructible<void Dispatch<5ul>::apply<Env<1ul>&>(Env<1ul>&&&)::'lambda'()>::value=true
tid=0x700000081000:line=<207>, func=Dispatch<N>::apply(E&&) [with E = Env<1ul>&; long unsigned int N = 6ul]::__lambda4, 6
tid=0x7fff74a6a000:line=<163>, func=void Actor::dispatch(F&&) [with F = Dispatch<N>::apply(E&&) [with E = Env<1ul>&; long unsigned int N = 5ul]::__lambda4], std::is_nothrow_copy_constructible<std::allocator_traits<Actor::Custom<smunix::function<void (), 8ul> > >>::value=true
tid=0x7fff74a6a000:line=<170>, func=void Actor::dispatch(F&&) [with F = Dispatch<N>::apply(E&&) [with E = Env<1ul>&; long unsigned int N = 5ul]::__lambda4], sizeof(smunix::details::function::func<void Dispatch<5ul>::apply<Env<1ul>&>(Env<1ul>&&&)::'lambda'(), Actor::Custom<smunix::function<void (), 8ul> >, void ()>)=16, sizeof(func.__buf_)=64, typeof(func.__buf_)=std::aligned_storage<64ul, 16ul>::type
tid=0x7fff74a6a000:line=<161>, func=void Actor::dispatch(F&&) [with F = Dispatch<N>::apply(E&&) [with E = Env<1ul>&; long unsigned int N = 4ul]::__lambda4], 0x7fd6b2d00000, sizeof(f)=4, (4*sizeof(void*))=32
tid=0x7fff74a6a000:line=<162>, func=void Actor::dispatch(F&&) [with F = Dispatch<N>::apply(E&&) [with E = Env<1ul>&; long unsigned int N = 4ul]::__lambda4], std::is_nothrow_copy_constructible<void Dispatch<4ul>::apply<Env<1ul>&>(Env<1ul>&&&)::'lambda'()>::value=true
tid=0x700000081000:line=<207>, func=Dispatch<N>::apply(E&&) [with E = Env<1ul>&; long unsigned int N = 5ul]::__lambda4, 5
tid=0x7fff74a6a000:line=<163>, func=void Actor::dispatch(F&&) [with F = Dispatch<N>::apply(E&&) [with E = Env<1ul>&; long unsigned int N = 4ul]::__lambda4], std::is_nothrow_copy_constructible<std::allocator_traits<Actor::Custom<smunix::function<void (), 8ul> > >>::value=true
tid=0x7fff74a6a000:line=<170>, func=void Actor::dispatch(F&&) [with F = Dispatch<N>::apply(E&&) [with E = Env<1ul>&; long unsigned int N = 4ul]::__lambda4], sizeof(smunix::details::function::func<void Dispatch<4ul>::apply<Env<1ul>&>(Env<1ul>&&&)::'lambda'(), Actor::Custom<smunix::function<void (), 8ul> >, void ()>)=16, sizeof(func.__buf_)=64, typeof(func.__buf_)=std::aligned_storage<64ul, 16ul>::type
tid=0x7fff74a6a000:line=<161>, func=void Actor::dispatch(F&&) [with F = Dispatch<N>::apply(E&&) [with E = Env<1ul>&; long unsigned int N = 3ul]::__lambda4], 0x7fd6b2d00000, sizeof(f)=3, (4*sizeof(void*))=32
tid=0x7fff74a6a000:line=<162>, func=void Actor::dispatch(F&&) [with F = Dispatch<N>::apply(E&&) [with E = Env<1ul>&; long unsigned int N = 3ul]::__lambda4], std::is_nothrow_copy_constructible<void Dispatch<3ul>::apply<Env<1ul>&>(Env<1ul>&&&)::'lambda'()>::value=true
tid=0x7fff74a6a000:line=<163>, func=void Actor::dispatch(F&&) [with F = Dispatch<N>::apply(E&&) [with E = Env<1ul>&; long unsigned int N = 3ul]::__lambda4], std::is_nothrow_copy_constructible<std::allocator_traits<Actor::Custom<smunix::function<void (), 8ul> > >>::value=true
tid=0x700000081000:line=<207>, func=Dispatch<N>::apply(E&&) [with E = Env<1ul>&; long unsigned int N = 4ul]::__lambda4, 4
tid=0x7fff74a6a000:line=<170>, func=void Actor::dispatch(F&&) [with F = Dispatch<N>::apply(E&&) [with E = Env<1ul>&; long unsigned int N = 3ul]::__lambda4], sizeof(smunix::details::function::func<void Dispatch<3ul>::apply<Env<1ul>&>(Env<1ul>&&&)::'lambda'(), Actor::Custom<smunix::function<void (), 8ul> >, void ()>)=16, sizeof(func.__buf_)=64, typeof(func.__buf_)=std::aligned_storage<64ul, 16ul>::type
tid=0x7fff74a6a000:line=<161>, func=void Actor::dispatch(F&&) [with F = Dispatch<N>::apply(E&&) [with E = Env<1ul>&; long unsigned int N = 2ul]::__lambda4], 0x7fd6b2d00000, sizeof(f)=2, (4*sizeof(void*))=32
tid=0x7fff74a6a000:line=<162>, func=void Actor::dispatch(F&&) [with F = Dispatch<N>::apply(E&&) [with E = Env<1ul>&; long unsigned int N = 2ul]::__lambda4], std::is_nothrow_copy_constructible<void Dispatch<2ul>::apply<Env<1ul>&>(Env<1ul>&&&)::'lambda'()>::value=true
tid=0x700000081000:line=<207>, func=Dispatch<N>::apply(E&&) [with E = Env<1ul>&; long unsigned int N = 3ul]::__lambda4, 3
tid=0x7fff74a6a000:line=<163>, func=void Actor::dispatch(F&&) [with F = Dispatch<N>::apply(E&&) [with E = Env<1ul>&; long unsigned int N = 2ul]::__lambda4], std::is_nothrow_copy_constructible<std::allocator_traits<Actor::Custom<smunix::function<void (), 8ul> > >>::value=true
tid=0x7fff74a6a000:line=<170>, func=void Actor::dispatch(F&&) [with F = Dispatch<N>::apply(E&&) [with E = Env<1ul>&; long unsigned int N = 2ul]::__lambda4], sizeof(smunix::details::function::func<void Dispatch<2ul>::apply<Env<1ul>&>(Env<1ul>&&&)::'lambda'(), Actor::Custom<smunix::function<void (), 8ul> >, void ()>)=16, sizeof(func.__buf_)=64, typeof(func.__buf_)=std::aligned_storage<64ul, 16ul>::type
tid=0x7fff74a6a000:line=<161>, func=void Actor::dispatch(F&&) [with F = Dispatch<1ul>::apply(E&&) [with E = Env<1ul>&]::__lambda5], 0x7fd6b2d00000, sizeof(f)=1, (4*sizeof(void*))=32
tid=0x7fff74a6a000:line=<162>, func=void Actor::dispatch(F&&) [with F = Dispatch<1ul>::apply(E&&) [with E = Env<1ul>&]::__lambda5], std::is_nothrow_copy_constructible<void Dispatch<1ul>::apply<Env<1ul>&>(Env<1ul>&&&)::'lambda'()>::value=true
tid=0x700000081000:line=<207>, func=Dispatch<N>::apply(E&&) [with E = Env<1ul>&; long unsigned int N = 2ul]::__lambda4, 2
tid=0x7fff74a6a000:line=<163>, func=void Actor::dispatch(F&&) [with F = Dispatch<1ul>::apply(E&&) [with E = Env<1ul>&]::__lambda5], std::is_nothrow_copy_constructible<std::allocator_traits<Actor::Custom<smunix::function<void (), 8ul> > >>::value=true
tid=0x7fff74a6a000:line=<170>, func=void Actor::dispatch(F&&) [with F = Dispatch<1ul>::apply(E&&) [with E = Env<1ul>&]::__lambda5], sizeof(smunix::details::function::func<void Dispatch<1ul>::apply<Env<1ul>&>(Env<1ul>&&&)::'lambda'(), Actor::Custom<smunix::function<void (), 8ul> >, void ()>)=16, sizeof(func.__buf_)=64, typeof(func.__buf_)=std::aligned_storage<64ul, 16ul>::type
tid=0x700000081000:line=<216>, func=Dispatch<1ul>::apply(E&&) [with E = Env<1ul>&]::__lambda5, 1
